


ARM Macro Assembler    Page 1 


    1 00000000                 AREA             |.text|, CODE, READONLY, ALIGN=
2
    2 00000000                 THUMB
    3 00000000         
    4 00000000         ;int syscall(int n, ...)
    5 00000000         syscall PROC
    6 00000000                 EXPORT           syscall
    7 00000000         
    8 00000000 DF0D            svc              13
    9 00000002         
   10 00000002 4770            BX               lr
   11 00000004         
   12 00000004                 ENDP
                       
Command Line: --debug --xref --diag_suppress=9931 --cpu=Cortex-M4.fp --apcs=int
erwork --depend=.\build\syscall.d -o.\build\syscall.o -IF:\OpenSource\bsp_stm32
\stm32f407_bd1\RTE -I"D:\Program Files\keil\Keil\STM32F4xx_DFP\2.11.0\Drivers\C
MSIS\Device\ST\STM32F4xx\Include" -I"D:\Program Files\keil\ARM\CMSIS\Include" -
-predefine="__UVISION_VERSION SETA 520" --predefine="STM32F407xx SETA 1" --list
=.\build\syscall.lst ..\..\rt-thread_stdio\components\libc\cruntime\armlibc\sys
call.s



ARM Macro Assembler    Page 1 Alphabetic symbol ordering
Relocatable symbols

.text 00000000

Symbol: .text
   Definitions
      At line 1 in file ..\..\rt-thread_stdio\components\libc\cruntime\armlibc\
syscall.s
   Uses
      None
Comment: .text unused
syscall 00000000

Symbol: syscall
   Definitions
      At line 5 in file ..\..\rt-thread_stdio\components\libc\cruntime\armlibc\
syscall.s
   Uses
      At line 6 in file ..\..\rt-thread_stdio\components\libc\cruntime\armlibc\
syscall.s
Comment: syscall used once
2 symbols
335 symbols in table
